TN:
SF:src/app.ts
FNF:0
FNH:0
DA:1,2
DA:2,2
DA:3,2
DA:4,2
DA:5,2
DA:6,2
DA:7,2
DA:8,2
DA:10,2
DA:17,2
DA:19,2
DA:20,2
DA:21,2
LF:13
LH:13
BRF:0
BRH:0
end_of_record
TN:
SF:src/env/index.ts
FNF:0
FNH:0
DA:1,2
DA:3,2
DA:5,2
DA:16,2
DA:18,2
DA:19,0
DA:21,0
DA:24,2
LF:8
LH:6
BRDA:18,0,0,0
BRDA:18,0,1,2
BRF:2
BRH:1
end_of_record
TN:
SF:src/http/controllers/post/create.ts
FN:6,create
FNF:1
FNH:0
FNDA:0,create
DA:1,2
DA:2,2
DA:4,2
DA:6,2
DA:7,0
DA:14,0
DA:17,0
DA:18,0
DA:19,0
DA:21,0
DA:30,0
DA:32,0
DA:33,0
LF:13
LH:4
BRF:0
BRH:0
end_of_record
TN:
SF:src/http/controllers/post/delete-post.ts
FN:7,deletePost
FNF:1
FNH:0
FNDA:0,deletePost
DA:1,2
DA:3,2
DA:5,2
DA:7,2
DA:8,0
DA:12,0
DA:14,0
DA:15,0
DA:16,0
DA:17,0
DA:19,0
DA:20,0
DA:23,0
DA:24,0
DA:26,0
DA:27,0
LF:16
LH:4
BRDA:19,0,0,0
BRDA:19,0,1,0
BRF:2
BRH:0
end_of_record
TN:
SF:src/http/controllers/post/find-all.ts
FN:6,findAll
FNF:1
FNH:1
FNDA:2,findAll
DA:1,2
DA:2,2
DA:4,2
DA:6,2
DA:7,2
DA:8,2
DA:9,2
DA:11,2
DA:15,2
DA:17,2
DA:18,2
DA:19,0
DA:21,2
DA:23,0
DA:24,0
LF:15
LH:12
BRDA:15,0,0,2
BRDA:15,1,0,2
BRDA:18,2,0,0
BRDA:18,2,1,2
BRF:4
BRH:3
end_of_record
TN:
SF:src/http/controllers/post/find-by-id.ts
FN:6,findById
FNF:1
FNH:0
FNDA:0,findById
DA:1,2
DA:2,2
DA:4,2
DA:6,2
DA:7,0
DA:11,0
DA:12,0
DA:13,0
DA:14,0
DA:16,0
DA:17,0
DA:18,0
DA:20,0
DA:22,0
DA:23,0
LF:15
LH:4
BRDA:17,0,0,0
BRDA:17,0,1,0
BRF:2
BRH:0
end_of_record
TN:
SF:src/http/controllers/post/find-by-keywords.ts
FN:6,findByKeywords
FNF:1
FNH:0
FNDA:0,findByKeywords
DA:1,2
DA:2,2
DA:4,2
DA:6,2
DA:7,0
DA:13,0
DA:14,0
DA:15,0
DA:16,0
DA:18,0
DA:19,0
DA:20,0
DA:22,0
DA:24,0
DA:25,0
LF:15
LH:4
BRDA:13,0,0,0
BRDA:13,1,0,0
BRDA:19,2,0,0
BRDA:19,2,1,0
BRF:4
BRH:0
end_of_record
TN:
SF:src/http/controllers/post/routes.ts
FN:8,postRoutes
FNF:1
FNH:1
FNDA:2,postRoutes
DA:2,2
DA:3,2
DA:4,2
DA:5,2
DA:6,2
DA:7,2
DA:8,2
DA:9,2
DA:10,2
DA:11,2
DA:12,2
DA:13,2
DA:14,2
LF:13
LH:13
BRF:0
BRH:0
end_of_record
TN:
SF:src/http/controllers/post/update-post.ts
FN:7,updateById
FNF:1
FNH:0
FNDA:0,updateById
DA:1,2
DA:2,2
DA:3,2
DA:5,2
DA:7,2
DA:8,0
DA:12,0
DA:14,0
DA:21,0
DA:22,0
DA:23,0
DA:24,0
DA:25,0
DA:27,0
DA:28,0
DA:30,0
DA:32,0
DA:41,0
DA:43,0
DA:44,0
LF:20
LH:5
BRDA:27,0,0,0
BRDA:27,0,1,0
BRF:2
BRH:0
end_of_record
TN:
SF:src/http/controllers/role/create.ts
FN:6,create
FNF:1
FNH:0
FNDA:0,create
DA:1,2
DA:2,2
DA:4,2
DA:6,2
DA:7,0
DA:12,0
DA:13,0
DA:14,0
DA:15,0
DA:17,0
DA:22,0
DA:24,0
DA:25,0
LF:13
LH:4
BRF:0
BRH:0
end_of_record
TN:
SF:src/http/controllers/role/delete-role.ts
FN:6,deleteRole
FNF:1
FNH:0
FNDA:0,deleteRole
DA:1,2
DA:2,2
DA:4,2
DA:6,2
DA:7,0
DA:11,0
DA:13,0
DA:14,0
DA:15,0
DA:16,0
DA:18,0
DA:19,0
DA:22,0
DA:23,0
DA:25,0
DA:26,0
LF:16
LH:4
BRDA:18,0,0,0
BRDA:18,0,1,0
BRF:2
BRH:0
end_of_record
TN:
SF:src/http/controllers/role/routes.ts
FN:5,roleRoutes
FNF:1
FNH:1
FNDA:2,roleRoutes
DA:2,2
DA:3,2
DA:4,2
DA:5,2
DA:6,2
DA:7,2
DA:8,2
LF:7
LH:7
BRF:0
BRH:0
end_of_record
TN:
SF:src/http/controllers/role/update-role.ts
FN:7,updateById
FNF:1
FNH:0
FNDA:0,updateById
DA:1,2
DA:2,2
DA:3,2
DA:5,2
DA:7,2
DA:8,0
DA:12,0
DA:14,0
DA:19,0
DA:20,0
DA:21,0
DA:22,0
DA:23,0
DA:25,0
DA:26,0
DA:28,0
DA:30,0
DA:36,0
DA:38,0
DA:39,0
LF:20
LH:5
BRDA:25,0,0,0
BRDA:25,0,1,0
BRF:2
BRH:0
end_of_record
TN:
SF:src/http/controllers/user/create.ts
FN:7,create
FNF:1
FNH:0
FNDA:0,create
DA:1,2
DA:2,2
DA:4,2
DA:5,2
DA:7,2
DA:8,0
DA:15,0
DA:17,0
DA:19,0
DA:26,0
DA:27,0
DA:28,0
DA:30,0
DA:31,0
DA:33,0
DA:34,0
LF:16
LH:5
BRF:0
BRH:0
end_of_record
TN:
SF:src/http/controllers/user/delete-user.ts
FN:7,deleteUser
FNF:1
FNH:0
FNDA:0,deleteUser
DA:1,2
DA:3,2
DA:5,2
DA:7,2
DA:8,0
DA:12,0
DA:14,0
DA:15,0
DA:16,0
DA:17,0
DA:19,0
DA:20,0
DA:23,0
DA:24,0
DA:26,0
DA:27,0
LF:16
LH:4
BRDA:19,0,0,0
BRDA:19,0,1,0
BRF:2
BRH:0
end_of_record
TN:
SF:src/http/controllers/user/find-all.ts
FN:6,findAll
FNF:1
FNH:0
FNDA:0,findAll
DA:1,2
DA:2,2
DA:4,2
DA:6,2
DA:7,0
DA:8,0
DA:9,0
DA:11,0
DA:15,0
DA:17,0
DA:18,0
DA:19,0
DA:21,0
DA:23,0
DA:24,0
LF:15
LH:4
BRDA:15,0,0,0
BRDA:15,1,0,0
BRDA:18,2,0,0
BRDA:18,2,1,0
BRF:4
BRH:0
end_of_record
TN:
SF:src/http/controllers/user/find-by-id.ts
FN:6,findById
FNF:1
FNH:0
FNDA:0,findById
DA:1,2
DA:2,2
DA:4,2
DA:6,2
DA:7,0
DA:11,0
DA:12,0
DA:13,0
DA:14,0
DA:16,0
DA:17,0
DA:18,0
DA:20,0
DA:22,0
DA:23,0
LF:15
LH:4
BRDA:17,0,0,0
BRDA:17,0,1,0
BRF:2
BRH:0
end_of_record
TN:
SF:src/http/controllers/user/find-by-username.ts
FN:6,findByUsername
FNF:1
FNH:0
FNDA:0,findByUsername
DA:1,2
DA:2,2
DA:4,2
DA:6,2
DA:7,0
DA:11,0
DA:12,0
DA:13,0
DA:14,0
DA:16,0
DA:17,0
DA:18,0
DA:20,0
DA:22,0
DA:23,0
LF:15
LH:4
BRDA:17,0,0,0
BRDA:17,0,1,0
BRF:2
BRH:0
end_of_record
TN:
SF:src/http/controllers/user/routes.ts
FN:9,userRoutes
FNF:1
FNH:1
FNDA:2,userRoutes
DA:2,2
DA:3,2
DA:4,2
DA:5,2
DA:6,2
DA:7,2
DA:8,2
DA:9,2
DA:10,2
DA:11,2
DA:12,2
DA:13,2
DA:14,2
DA:15,2
DA:16,2
LF:15
LH:15
BRF:0
BRH:0
end_of_record
TN:
SF:src/http/controllers/user/signin.ts
FN:7,signin
FNF:1
FNH:1
FNDA:1,signin
DA:1,2
DA:2,2
DA:4,2
DA:5,2
DA:7,2
DA:8,1
DA:13,1
DA:15,1
DA:17,1
DA:18,0
DA:20,0
DA:21,0
DA:24,0
DA:26,0
LF:14
LH:9
BRDA:20,0,0,0
BRDA:20,0,1,0
BRF:2
BRH:0
end_of_record
TN:
SF:src/http/controllers/user/update-user.ts
FN:7,updateById
FNF:1
FNH:0
FNDA:0,updateById
DA:1,2
DA:2,2
DA:3,2
DA:5,2
DA:7,2
DA:8,0
DA:12,0
DA:14,0
DA:21,0
DA:22,0
DA:23,0
DA:24,0
DA:25,0
DA:27,0
DA:28,0
DA:30,0
DA:32,0
DA:40,0
DA:42,0
DA:43,0
LF:20
LH:5
BRDA:27,0,0,0
BRDA:27,0,1,0
BRF:2
BRH:0
end_of_record
TN:
SF:src/http/middleware/jwt-validate.ts
FN:3,validateJwt
FNF:1
FNH:1
FNDA:5,validateJwt
DA:3,2
DA:4,5
DA:5,5
DA:15,5
DA:16,5
DA:18,5
DA:20,2
DA:22,2
LF:8
LH:8
BRDA:18,0,0,3
BRDA:18,0,1,2
BRF:2
BRH:2
end_of_record
TN:
SF:src/lib/´pg/db.ts
FN:16,(anonymous_0)
FN:21,(anonymous_1)
FN:30,(anonymous_2)
FNF:3
FNH:3
FNDA:2,(anonymous_0)
FNDA:2,(anonymous_1)
FNDA:12,(anonymous_2)
DA:1,2
DA:2,2
DA:4,2
DA:17,2
DA:18,2
DA:22,2
DA:23,2
DA:25,0
DA:26,0
DA:31,12
DA:32,2
DA:34,10
DA:38,2
LF:13
LH:11
BRDA:31,0,0,2
BRDA:31,0,1,10
BRF:2
BRH:2
end_of_record
TN:
SF:src/repositories/post.repository.ts
FN:5,(anonymous_0)
FN:19,(anonymous_1)
FN:27,(anonymous_2)
FN:37,(anonymous_3)
FN:47,(anonymous_4)
FN:62,(anonymous_5)
FNF:6
FNH:1
FNDA:0,(anonymous_0)
FNDA:0,(anonymous_1)
FNDA:0,(anonymous_2)
FNDA:2,(anonymous_3)
FNDA:0,(anonymous_4)
FNDA:0,(anonymous_5)
DA:1,2
DA:4,2
DA:12,0
DA:16,0
DA:21,0
DA:24,0
DA:28,0
DA:30,0
DA:34,0
DA:38,2
DA:40,2
DA:44,2
DA:55,0
DA:59,0
DA:64,0
LF:15
LH:5
BRDA:34,0,0,0
BRDA:34,0,1,0
BRDA:44,1,0,2
BRDA:44,1,1,0
BRF:4
BRH:1
end_of_record
TN:
SF:src/repositories/role.repository.ts
FN:5,(anonymous_0)
FN:13,(anonymous_1)
FN:19,(anonymous_2)
FN:27,(anonymous_3)
FNF:4
FNH:0
FNDA:0,(anonymous_0)
FNDA:0,(anonymous_1)
FNDA:0,(anonymous_2)
FNDA:0,(anonymous_3)
DA:1,2
DA:4,2
DA:6,0
DA:10,0
DA:14,0
DA:17,0
DA:20,0
DA:24,0
DA:28,0
LF:9
LH:2
BRF:0
BRH:0
end_of_record
TN:
SF:src/repositories/user.repository.ts
FN:5,(anonymous_0)
FN:13,(anonymous_1)
FN:21,(anonymous_2)
FN:29,(anonymous_3)
FN:38,(anonymous_4)
FN:52,(anonymous_5)
FNF:6
FNH:1
FNDA:0,(anonymous_0)
FNDA:0,(anonymous_1)
FNDA:1,(anonymous_2)
FNDA:0,(anonymous_3)
FNDA:0,(anonymous_4)
FNDA:0,(anonymous_5)
DA:1,2
DA:4,2
DA:6,0
DA:10,0
DA:14,0
DA:18,0
DA:22,1
DA:26,1
DA:30,0
DA:31,0
DA:35,0
DA:45,0
DA:49,0
DA:53,0
LF:14
LH:4
BRDA:35,0,0,0
BRDA:35,0,1,0
BRF:2
BRH:0
end_of_record
TN:
SF:src/use-cases/post/create-post.ts
FN:5,(anonymous_0)
FN:7,(anonymous_1)
FNF:2
FNH:0
FNDA:0,(anonymous_0)
FNDA:0,(anonymous_1)
DA:4,2
DA:5,0
DA:8,0
DA:9,0
DA:10,0
DA:12,0
LF:6
LH:1
BRDA:9,0,0,0
BRDA:9,0,1,0
BRF:2
BRH:0
end_of_record
TN:
SF:src/use-cases/post/find-all-posts.ts
FN:7,(anonymous_0)
FN:9,(anonymous_1)
FNF:2
FNH:2
FNDA:2,(anonymous_0)
FNDA:2,(anonymous_1)
DA:6,2
DA:7,2
DA:10,2
DA:11,2
DA:12,0
DA:14,2
LF:6
LH:5
BRDA:11,0,0,0
BRDA:11,0,1,2
BRF:2
BRH:1
end_of_record
TN:
SF:src/use-cases/post/find-post-by-id.ts
FN:7,(anonymous_0)
FN:9,(anonymous_1)
FNF:2
FNH:0
FNDA:0,(anonymous_0)
FNDA:0,(anonymous_1)
DA:6,2
DA:7,0
DA:10,0
DA:11,0
DA:12,0
DA:14,0
LF:6
LH:1
BRDA:11,0,0,0
BRDA:11,0,1,0
BRF:2
BRH:0
end_of_record
TN:
SF:src/use-cases/post/find-post-by-keywords.ts
FN:7,(anonymous_0)
FN:9,(anonymous_1)
FNF:2
FNH:0
FNDA:0,(anonymous_0)
FNDA:0,(anonymous_1)
DA:6,2
DA:7,0
DA:10,0
DA:11,0
DA:12,0
DA:14,0
LF:6
LH:1
BRDA:11,0,0,0
BRDA:11,0,1,0
BRF:2
BRH:0
end_of_record
TN:
SF:src/use-cases/post/update-post.ts
FN:5,(anonymous_0)
FN:7,(anonymous_1)
FNF:2
FNH:0
FNDA:0,(anonymous_0)
FNDA:0,(anonymous_1)
DA:4,2
DA:5,0
DA:8,0
DA:9,0
DA:10,0
DA:12,0
LF:6
LH:1
BRDA:9,0,0,0
BRDA:9,0,1,0
BRF:2
BRH:0
end_of_record
TN:
SF:src/use-cases/role/create-role.ts
FN:5,(anonymous_0)
FN:7,(anonymous_1)
FNF:2
FNH:0
FNDA:0,(anonymous_0)
FNDA:0,(anonymous_1)
DA:4,2
DA:5,0
DA:8,0
DA:9,0
DA:10,0
DA:12,0
LF:6
LH:1
BRDA:9,0,0,0
BRDA:9,0,1,0
BRF:2
BRH:0
end_of_record
TN:
SF:src/use-cases/role/find-role-by-id.ts
FN:7,(anonymous_0)
FN:9,(anonymous_1)
FNF:2
FNH:0
FNDA:0,(anonymous_0)
FNDA:0,(anonymous_1)
DA:6,2
DA:7,0
DA:10,0
DA:11,0
DA:12,0
DA:14,0
LF:6
LH:1
BRDA:11,0,0,0
BRDA:11,0,1,0
BRF:2
BRH:0
end_of_record
TN:
SF:src/use-cases/role/update-role.ts
FN:5,(anonymous_0)
FN:7,(anonymous_1)
FNF:2
FNH:0
FNDA:0,(anonymous_0)
FNDA:0,(anonymous_1)
DA:4,2
DA:5,0
DA:8,0
DA:9,0
DA:10,0
DA:12,0
LF:6
LH:1
BRDA:9,0,0,0
BRDA:9,0,1,0
BRF:2
BRH:0
end_of_record
TN:
SF:src/use-cases/user/create-user.ts
FN:5,(anonymous_0)
FN:7,(anonymous_1)
FNF:2
FNH:0
FNDA:0,(anonymous_0)
FNDA:0,(anonymous_1)
DA:4,2
DA:5,0
DA:8,0
DA:9,0
DA:10,0
DA:12,0
LF:6
LH:1
BRDA:9,0,0,0
BRDA:9,0,1,0
BRF:2
BRH:0
end_of_record
TN:
SF:src/use-cases/user/find-all-users.ts
FN:7,(anonymous_0)
FN:9,(anonymous_1)
FNF:2
FNH:0
FNDA:0,(anonymous_0)
FNDA:0,(anonymous_1)
DA:6,2
DA:7,0
DA:10,0
DA:11,0
DA:12,0
DA:14,0
LF:6
LH:1
BRDA:11,0,0,0
BRDA:11,0,1,0
BRF:2
BRH:0
end_of_record
TN:
SF:src/use-cases/user/find-user-by-id.ts
FN:7,(anonymous_0)
FN:9,(anonymous_1)
FNF:2
FNH:0
FNDA:0,(anonymous_0)
FNDA:0,(anonymous_1)
DA:6,2
DA:7,0
DA:10,0
DA:11,0
DA:12,0
DA:14,0
LF:6
LH:1
BRDA:11,0,0,0
BRDA:11,0,1,0
BRF:2
BRH:0
end_of_record
TN:
SF:src/use-cases/user/find-user-by-username.ts
FN:7,(anonymous_0)
FN:9,(anonymous_1)
FNF:2
FNH:0
FNDA:0,(anonymous_0)
FNDA:0,(anonymous_1)
DA:6,2
DA:7,0
DA:10,0
DA:11,0
DA:12,0
DA:14,0
LF:6
LH:1
BRDA:11,0,0,0
BRDA:11,0,1,0
BRF:2
BRH:0
end_of_record
TN:
SF:src/use-cases/user/signin.ts
FN:5,(anonymous_0)
FN:7,(anonymous_1)
FNF:2
FNH:2
FNDA:1,(anonymous_0)
FNDA:1,(anonymous_1)
DA:4,2
DA:5,1
DA:8,1
DA:9,1
DA:10,1
DA:12,0
LF:6
LH:5
BRDA:9,0,0,1
BRDA:9,0,1,0
BRF:2
BRH:1
end_of_record
TN:
SF:src/use-cases/user/update-user.ts
FN:5,(anonymous_0)
FN:7,(anonymous_1)
FNF:2
FNH:0
FNDA:0,(anonymous_0)
FNDA:0,(anonymous_1)
DA:4,2
DA:5,0
DA:8,0
DA:9,0
DA:10,0
DA:12,0
LF:6
LH:1
BRDA:9,0,0,0
BRDA:9,0,1,0
BRF:2
BRH:0
end_of_record
